make.exe all --print-data-base --no-builtin-variables --no-builtin-rules --question
C:/ProgramData/chocolatey/lib/make/tools/install/bin/make.exe dnd_character_creator
 
# GNU Make 4.3
# Built for Windows32
# Copyright (C) 1988-2020 Free Software Foundation, Inc.
# License GPLv3+: GNU GPL version 3 or later <http://gnu.org/licenses/gpl.html>
# This is free software: you are free to change and redistribute it.
# There is NO WARRANTY, to the extent permitted by law.
 

# Make data base, printed on Wed Dec 14 16:29:17 2022

# Variables

# environment
SYSTEMDRIVE = C:
# environment
JAVA_HOME = C:\Program Files\OpenJDK\jdk-8.0.352.08-hotspot\
# environment
LC_ALL = C
# makefile (from 'makefile', line 3)
PROJECT_NAME = dnd_character_creator
# environment
USERPROFILE = C:\Users\jenst
# environment
LOCALAPPDATA = C:\Users\jenst\AppData\Local
# environment
WSLENV = WT_SESSION::WT_PROFILE_ID
# environment
VSCODE_CWD = D:\_Projects\C\dnd
# environment
CHOCOLATEYINSTALL = C:\ProgramData\chocolatey
# environment
SYSTEMROOT = C:\Windows
# environment
PROCESSOR_LEVEL = 23
# environment
PSMODULEPATH = C:\Users\jenst\Documents\WindowsPowerShell\Modules;C:\Program Files\WindowsPowerShell\Modules;C:\Windows\system32\WindowsPowerShell\v1.0\Modules
# default
MAKE_COMMAND := C:/ProgramData/chocolatey/lib/make/tools/install/bin/make.exe
# automatic
@D = $(patsubst %/,%,$(patsubst %\,%,$(dir $@)))
# environment
CHROME_CRASHPAD_PIPE_NAME = \\.\pipe\LOCAL\crashpad_10984_TWWXEWGKCCSENMBY
# environment
VSCODE_HANDLES_UNCAUGHT_ERRORS = true
# default
.VARIABLES := 
# automatic
%D = $(patsubst %/,%,$(patsubst %\,%,$(dir $%)))
# automatic
^D = $(patsubst %/,%,$(patsubst %\,%,$(dir $^)))
# automatic
%F = $(notdir $%)
# environment
VSCODE_CODE_CACHE_PATH = C:\Users\jenst\AppData\Roaming\Code\CachedData\5235c6bb189b60b01b1f49062f4ffa42384f8c91
# environment
LANG = C
# makefile (from 'makefile', line 5)
PROJECT_BUILD_PATH = .
# default
.LOADED := 
# environment
TMP = C:\Users\jenst\AppData\Local\Temp
# default
.INCLUDE_DIRS = .
# environment
PROCESSOR_ARCHITEW6432 = AMD64
# makefile
MAKEFLAGS = pqrRw
# environment
ONEDRIVE = C:\Users\jenst\OneDrive
# makefile
CURDIR := d:/_Projects/C/dnd
# environment
APPLICATION_INSIGHTS_NO_DIAGNOSTIC_CHANNEL = 1
# automatic
*D = $(patsubst %/,%,$(patsubst %\,%,$(dir $*)))
# environment
PROGRAMFILES = C:\Program Files (x86)
# environment
MFLAGS = -pqrRw
# default
.SHELLFLAGS := -c
# environment
COMMONPROGRAMW6432 = C:\Program Files\Common Files
# makefile (from 'makefile', line 7)
RAYLIB_PATH = ./src/lib
# automatic
+D = $(patsubst %/,%,$(patsubst %\,%,$(dir $+)))
# makefile (from 'makefile', line 1)
MAKEFILE_LIST := makefile
# automatic
@F = $(notdir $@)
# makefile (from 'makefile', line 8)
RAYLIB_INCLUDE_PATH = $(RAYLIB_PATH)
# environment
VSCODE_PID = 10984
# automatic
?D = $(patsubst %/,%,$(patsubst %\,%,$(dir $?)))
# environment
WT_PROFILE_ID = {61c54bbd-c2c6-5271-96e7-009a87ff44bf}
# automatic
*F = $(notdir $*)
# automatic
<D = $(patsubst %/,%,$(patsubst %\,%,$(dir $<)))
# makefile (from 'makefile', line 11)
PLATFORM = ?= PLATFORM_DESKTOP
# environment
VSCODE_NLS_CONFIG = {"locale":"en-gb","availableLanguages":{},"_languagePackSupport":true}
# environment
ONEDRIVECONSUMER = C:\Users\jenst\OneDrive
# default
MAKE_HOST := Windows32
# makefile (from 'makefile', line 89)
OBJS = $(patsubst %.c, %.o, $(PROJECT_SOURCE_FILES))
# environment
PROGRAMDATA = C:\ProgramData
# default
SHELL := sh.exe
# environment
HOMEPATH = \Users\jenst
# default
MAKECMDGOALS := dnd_character_creator
# environment
DRIVERDATA = C:\Windows\System32\Drivers\DriverData
# environment
COMSPEC = C:\Windows\system32\cmd.exe
# environment
WINDIR = C:\Windows
# environment
MAKELEVEL := 1
# default
MAKE = $(MAKE_COMMAND)
# makefile (from 'makefile', line 9)
RAYLIB_LIB_PATH = ./src/lib/
# environment
PATH = C:\Program Files\Alacritty\;C:\Program Files\OpenJDK\jdk-8.0.352.08-hotspot\bin;C:\Program Files\Common Files\Oracle\Java\javapath;C:\Windows\system32;C:\Windows;C:\Windows\System32\Wbem;C:\Windows\System32\WindowsPowerShell\v1.0\;C:\Windows\System32\OpenSSH\;C:\Program Files\Git\cmd;C:\Program Files\dotnet\;C:\Program Files\CraftOS-PC;C:\ProgramData\chocolatey\bin;;C:\Users\jenst\AppData\Local\Microsoft\WindowsApps;;C:\Users\jenst\AppData\Local\Programs\Microsoft VS Code\bin;C:\ProgramData\chocolatey\lib\mingw\tools\install\mingw64\bin;
# environment
COMPUTERNAME = DESKTOP-T3R2VLT
# default
MAKEFILES := 
# automatic
^F = $(notdir $^)
# environment
PROMPT = $P$G
# environment
CHOCOLATEYLASTPATHUPDATE = 133154418007524767
# environment
WT_SESSION = 4d33dff4-503e-431f-a5bf-2f20ad8d87f5
# environment
LOGONSERVER = \\DESKTOP-T3R2VLT
# environment
USERNAME = SYSTEM
# environment
COMMONPROGRAMFILES = C:\Program Files (x86)\Common Files
# automatic
?F = $(notdir $?)
# environment
PROGRAMW6432 = C:\Program Files
# environment
PATHEXT = .COM;.EXE;.BAT;.CMD;.VBS;.VBE;.JS;.JSE;.WSF;.WSH;.MSC;.CPL
# automatic
+F = $(notdir $+)
# environment
ORIGINAL_XDG_CURRENT_DESKTOP = undefined
# environment
USERDOMAIN = DESKTOP-T3R2VLT
# 'override' directive
GNUMAKEFLAGS := 
# environment
OS = Windows_NT
# makefile
.DEFAULT_GOAL := all
# default
MAKE_VERSION := 4.3
# environment
PROGRAMFILES(X86) = C:\Program Files (x86)
# environment
USERDOMAIN_ROAMINGPROFILE = DESKTOP-T3R2VLT
# environment
NUMBER_OF_PROCESSORS = 8
# environment
PUBLIC = C:\Users\Public
# makefile (from 'makefile', line 84)
PROJECT_SOURCE_FILES = src/main.c src/test.c
# environment
APPDATA = C:\Users\jenst\AppData\Roaming
# makefile (from 'makefile', line 46)
CFLAGS = -Wall -std=c99 -Wno-missing-braces -Wno-unused-value
# environment
HOMEDRIVE = C:
# makefile (from 'makefile', line 4)
PROJECT_VERSION = 0.1
# makefile (from 'makefile', line 57)
LDLFLAGS = -L. -L $(RAYLIB_LIB_PATH) -lraylib -lm
# environment
PROCESSOR_ARCHITECTURE = x86
# environment
VSCODE_AMD_ENTRYPOINT = vs/workbench/api/node/extensionHostProcess
# environment
COMMONPROGRAMFILES(X86) = C:\Program Files (x86)\Common Files
# environment
ELECTRON_RUN_AS_NODE = 1
# environment
TEMP = C:\Users\jenst\AppData\Local\T 
emp
# environment
VSCODE_IPC_HOOK = \\.\pipe\dc3a57a6cd661c9d0031405ee8952b8f-1.74.0-main-sock
# default
.RECIPEPREFIX := 
# automatic
<F = $(notdir $<)
# default
SUFFIXES := 
# environment
ALLUSERSPROFILE = C:\ProgramData
# environment
VSCODE_CLI = 1
# environment
ELECTRON_NO_ATTACH_CONSOLE = 1
# default
.FEATURES := target-specific order-only second-expansion else-if shortest-stem undefine oneshell nocomment grouped-target extra-prereqs archives jobserver output-sync load
# environment
PROCESSOR_REVISION = 1801
# makefile (from 'makefile', line 28)
CC = gcc
# makefile (from 'makefile', line 54)
INCLUDE_PATHS = -I ./src/include 
# environment
PROCESSOR_IDENTIFIER = AMD64 Family 23 Model 24 Stepping 1, AuthenticAMD
# variable set hash-table stats:
# Load=108/1024=11%, Rehash=0, Collisions=19/169=11%

# Pattern-specific Variable Values

# No pattern-specific variable values.

# Directories

# src (key d:/_Projects/C/dnd/src, mtime 1671031707): 7 files, no impossibilities so far.
# . (key d:/_Projects/C/dnd, mtime 1671031757): 9 files, no impossibilities.

# 16 files, no impossibilities in 2 directories.

# Implicit Rules

%.o: %.c
#  recipe to execute (from 'makefile', line 103):
	$(CC) -c $< -o $@ $(CFLAGS) $(INCLUDE_PATHS) -D$(PLATFORM)

# 1 implicit rules, 0 (0.0%) terminal.
# Files

dnd_character_creator: src/main.o src/test.o
#  Command line target.
#  Implicit rule search has not been done.
#  Implicit/static pattern stem: ''
#  File does not exist.
#  File has been updated.
#  Needs to be updated (-q is set).
# automatic
# @ := dnd_character_creator
# automatic
# * := 
# automatic
# < := src/main.o
# automatic
# + := src/main.o src/test.o
# automatic
# % := 
# automatic
# ^ := src/main.o src/test.o
# automatic
# ? := src/main.o src/test.o
# automatic
# | := 
# variable set hash-table stats:
# Load=8/32=25%, Rehash=0, Collisions=4/23=17%
#  recipe to execute (from 'makefile', line 98):
	$(CC) -o $(PROJECT_BUILD_PATH)/$(PROJECT_NAME)$(EXT) $(OBJS) $(CFLAGS) $(INCLUDE_PATHS) $(LDLFLAGS) $(LDLIBS) -D$(PLATFORM) 

src/test.o: src/test.c
#  Implicit rule search has been done.
#  Implicit/static pattern stem: 'src/test'
#  Last modified 2022-12-14 16:28:27
#  File has been updated.
#  Successfully updated.
#  recipe to execute (from 'makefile', line 103):
	$(CC) -c $< -o $@ $(CFLAGS) $(INCLUDE_PATHS) -D$(PLATFORM)

debug:
#  Phony target (prerequisite of .PHONY).
#  Implicit rule search has not been done.
#  File does not exist.
#  File has not been updated.

clean:
#  Phony target (prerequisite of .PHONY).
#  Implicit rule search has not been done.
#  File does not exist.
#  File has not been updated.

# Not a target:
src/main.c:
#  Implicit rule search has been done.
#  Last modified 2022-12-14 16:27:19
#  File has been updated.
#  Successfully updated.

src/main.o: src/main.c
#  Implicit rule search has been done.
#  Implicit/static pattern stem: 'src/main'
#  Last modified 2022-12-14 16:27:23
#  File has been updated.
#  Successfully updated.
#  recipe to execute (from 'makefile', line 103):
	$(CC) -c $< -o $@ $(CFLAGS) $(INCLUDE_PATHS) -D$(PLATFORM)

# Not a target:
.DEFAULT:
#  Implicit rule search has not been done.
#  Modification time never checked.
#  File has not been updated.

all:
#  Phony target (prerequisite of .PHONY).
#  Implicit rule search has not been done.
#  File does not exist.
#  File has not been updated.
#  recipe to execute (from 'makefile', line 94):
	$(MAKE) $(PROJECT_NAME)

help:
#  Implicit rule search has not been done.
#  Modification time never checked.
#  File has not been updated.
#  recipe to execute (from 'makefile', line 106):
	@echo Default platform is DESKTOP to compile normally type
	@echo make PLATFORM=DESKTOP
	@echo Rules are the following
	@echo all
	@echo clean not implemented yet due to technical difficulties
	@echo re same as above

# Not a target:
src/test.c:
#  Implicit rule search has been done.
#  Last modified 2022-12-14 16:25:02
#  File has been updated.
#  Successfully updated.

# Not a target:
makefile:
#  Implicit rule search has been done.
#  Last modified 2022-12-14 16:28:24
#  File has been updated.
#  Successfully updated.

# Not a target:
.SUFFIXES:
#  Implicit rule search has not been done.
#  Modification time never checked.
#  File has not been updated.

.PHONY: all clean debug
#  Implicit rule search has not been done.
#  Modification time never checked.
#  File has not been updated.

# files hash-table stats:
# Load=13/1024=1%, Rehash=0, Collisions=0/37=0%
# VPATH Search Paths

# No 'vpath' search paths.

# No general ('VPATH' variable) search path.

# strcache buffers: 1 (0) / strings = 30 / storage = 237 B / avg = 7 B
# current buf: size = 8174 B / used = 237 B / count = 30 / avg = 7 B

# strcache performance: lookups = 46 / hit rate = 34%
# hash-table stats:
# Load=30/8192=0%, Rehash=0, Collisions=0/46=0%
# Finished Make data base on Wed Dec 14 16:29:17 2022

 
# GNU Make 4.3
# Built for Windows32
# Copyright (C) 1988-2020 Free Software Foundation, Inc.
# License GPLv3+: GNU GPL version 3 or later <http://gnu.org/licenses/gpl.html>
# This is free software: you are free to change and redistribute it.
# There is NO WARRANTY, to the extent permitted by law.
 

# Make data base, printed on Wed Dec 14 16:29:17 2022

# Variables

# environment
SYSTEMDRIVE = C:
# environment
JAVA_HOME = C:\Program Files\OpenJDK\jdk-8.0.352.08-hotspot\
# environment
LC_ALL = C
# makefile (from 'makefile', line 3)
PROJECT_NAME = dnd_character_creator
# environment
USERPROFILE = C:\Users\jenst
# environment
LOCALAPPDATA = C:\Users\jenst\AppData\Local
# environment
WSLENV = WT_SESSION::WT_PROFILE_ID
# environment
VSCODE_CWD = D:\_Projects\C\dnd
# environment
CHOCOLATEYINSTALL = C:\ProgramData\chocolatey
# environment
SYSTEMROOT = C:\Windows
# environment
PROCESSOR_LEVEL = 23
# environment
PSMODULEPATH = C:\Users\jenst\Documents\WindowsPowerShell\Modules;C:\Program Files\WindowsPowerShell\Modules;C:\Windows\system32\WindowsPowerShell\v1.0\Modules
# default
MAKE_COMMAND := C:/ProgramData/chocolatey/lib/make/tools/install/bin/make.exe
# automatic
@D = $(patsubst %/,%,$(patsubst %\,%,$(dir $@)))
# environment
CHROME_CRASHPAD_PIPE_NAME = \\.\pipe\LOCAL\crashpad_10984_TWWXEWGKCCSENMBY
# environment
VSCODE_HANDLES_UNCAUGHT_ERRORS = true
# default
.VARIABLES := 
# automatic
%D = $(patsubst %/,%,$(patsubst %\,%,$(dir $%)))
# automatic
^D = $(patsubst %/,%,$(patsubst %\,%,$(dir $^)))
# automatic
%F = $(notdir $%)
# environment
VSCODE_CODE_CACHE_PATH = C:\Users\jenst\AppData\Roaming\Code\CachedData\5235c6bb189b60b01b1f49062f4ffa42384f8c91
# environment
LANG = C
# makefile (from 'makefile', line 5)
PROJECT_BUILD_PATH = .
# default
.LOADED := 
# environment
TMP = C:\Users\jenst\AppData\Local\Temp
# default
.INCLUDE_DIRS = .
# environment
PROCESSOR_ARCHITEW6432 = AMD64
# makefile
MAKEFLAGS = pqrR
# environment
ONEDRIVE = C:\Users\jenst\OneDrive
# makefile
CURDIR := d:/_Projects/C/dnd
# environment
APPLICATION_INSIGHTS_NO_DIAGNOSTIC_CHANNEL = 1
# automatic
*D = $(patsubst %/,%,$(patsubst %\,%,$(dir $*)))
# environment
PROGRAMFILES = C:\Program Files (x86)
# environment
MFLAGS = -pqrR
# default
.SHELLFLAGS := -c
# environment
COMMONPROGRAMW6432 = C:\Program Files\Common Files
# makefile (from 'makefile', line 7)
RAYLIB_PATH = ./src/lib
# automatic
+D = $(patsubst %/,%,$(patsubst %\,%,$(dir $+)))
# makefile (from 'makefile', line 1)
MAKEFILE_LIST := makefile
# automatic
@F = $(notdir $@)
# makefile (from 'makefile', line 8)
RAYLIB_INCLUDE_PATH = $(RAYLIB_PATH)
# environment
VSCODE_PID = 10984
# automatic
?D = $(patsubst %/,%,$(patsubst %\,%,$(dir $?)))
# environment
WT_PROFILE_ID = {61c54bbd-c2c6-5271-96e7-009a87ff44bf}
# automatic
*F = $(notdir $*)
# automatic
<D = $(patsubst %/,%,$(patsubst %\,%,$(dir $<)))
# makefile (from 'makefile', line 11)
PLATFORM = ?= PLATFORM_DESKTOP
# environment
VSCODE_NLS_CONFIG = {"locale":"en-gb","availableLanguages":{},"_languagePackSupport":true}
# environment
ONEDRIVECONSUMER = C:\Users\jenst\OneDrive
# default
MAKE_HOST := Windows32
# makefile (from 'makefile', line 89)
OBJS = $(patsubst %.c, %.o, $(PROJECT_SOURCE_FILES))
# environment
PROGRAMDATA = C:\ProgramData
# default
SHELL := sh.exe
# environment
HOMEPATH = \Users\jenst
# default
MAKECMDGOALS := all
# environment
DRIVERDATA = C:\Windows\System32\Drivers\DriverData
# environment
COMSPEC = C:\Windows\system32\cmd.exe
# environment
WINDIR = C:\Windows
# environment
MAKELEVEL := 0
# default
MAKE = $(MAKE_COMMAND)
# makefile (from 'makefile', line 9)
RAYLIB_LIB_PATH = ./src/lib/
# environment
PATH = C:\Program Files\Alacritty\;C:\Program Files\OpenJDK\jdk-8.0.352.08-hotspot\bin;C:\Program Files\Common Files\Oracle\Java\javapath;C:\Windows\system32;C:\Windows;C:\Windows\System32\Wbem;C:\Windows\System32\WindowsPowerShell\v1.0\;C:\Windows\System32\OpenSSH\;C:\Program Files\Git\cmd;C:\Program Files\dotnet\;C:\Program Files\CraftOS-PC;C:\ProgramData\chocolatey\bin;;C:\Users\jenst\AppData\Local\Microsoft\WindowsApps;;C:\Users\jenst\AppData\Local\Programs\Microsoft VS Code\bin;C:\ProgramData\chocolatey\lib\mingw\tools\install\mingw64\bin;
# environment
COMPUTERNAME = DESKTOP-T3R2VLT
# default
MAKEFILES := 
# automatic
^F = $(notdir $^)
# environment
PROMPT = $P$G
# environment
CHOCOLATEYLASTPATHUPDATE = 133154418007524767
# environment
WT_SESSION = 4d33dff4-503e-431f-a5bf-2f20ad8d87f5
# environment
LOGONSERVER = \\DESKTOP-T3R2VLT
# environment
USERNAME = SYSTEM
# environment
COMMONPROGRAMFILES = C:\Program Files (x86)\Common Files
# automatic
?F = $(notdir $?)
# environment
PROGRAMW6432 = C:\Program Files
# environment
PATHEXT = .COM;.EXE;.BAT;.CMD;.VBS;.VBE;.JS;.JSE;.WSF;.WSH;.MSC;.CPL
# automatic
+F = $(notdir $+)
# environment
ORIGINAL_XDG_CURRENT_DESKTOP = undefined
# environment
USERDOMAIN = DESKTOP-T3R2VLT
# 'override' directive
GNUMAKEFLAGS := 
# environment
OS = Windows_NT
# makefile
.DEFAULT_GOAL := all
# default
MAKE_VERSION := 4.3
# environment
PROGRAMFILES(X86) = C:\Program Files (x86)
# environment
USERDOMAIN_ROAMINGPROFILE = DESKTOP-T3R2VLT
# environment
NUMBER_OF_PROCESSORS = 8
# environment
PUBLIC = C:\Users\Public
# makefile (from 'makefile', line 84)
PROJECT_SOURCE_FILES = src/main.c src/test.c
# environment
APPDATA = C:\Users\jenst\AppData\Roaming
# makefile (from 'makefile', line 46)
CFLAGS = -Wall -std=c99 -Wno-missing-braces -Wno-unused-value
# environment
HOMEDRIVE = C:
# makefile (from 'makefile', line 4)
PROJECT_VERSION = 0.1
# makefile (from 'makefile', line 57)
LDLFLAGS = -L. -L $(RAYLIB_LIB_PATH) -lraylib -lm
# environment
PROCESSOR_ARCHITECTURE = x86
# environment
VSCODE_AMD_ENTRYPOINT = vs/workbench/api/node/extensionHostProcess
# environment
COMMONPROGRAMFILES(X86) = C:\Program Files (x86)\Common Files
# environment
ELECTRON_RUN_AS_NODE = 1
# environment
TEMP = C:\Users\jenst\AppData\Local\Temp
# environment
VSCODE_IPC_HOOK = \\.\pipe\dc3a57a6cd661c9d0031405ee8952b8f-1.74.0-main-sock
# default
.RECIPEPREFIX := 
# automatic
<F = $(notdir $<)
# default
SUFFIXES := 
# environment
ALLUSERSPROFILE = C:\ProgramData
# environment
VSCODE_CLI = 1
# environment
ELECTRON_NO_ATTACH_CONSOLE = 1
# default
.FEATURES := target-specific order-only second-expansion else-if shortest-stem undefine oneshell nocomment grouped-target extra-prereqs archives jobserver output-sync load
# environment
PROCESSOR_REVISION = 1801
# makefile (f 
rom 'makefile', line 28)
CC = gcc
# makefile (from 'makefile', line 54)
INCLUDE_PATHS = -I ./src/include 
# environment
PROCESSOR_IDENTIFIER = AMD64 Family 23 Model 24 Stepping 1, AuthenticAMD
# variable set hash-table stats:
# Load=108/1024=11%, Rehash=0, Collisions=16/158=10%

# Pattern-specific Variable Values

# No pattern-specific variable values.

# Directories

# . (key d:/_Projects/C/dnd, mtime 1671031757): 9 files, no impossibilities.

# 9 files, no impossibilities in 1 directories.

# Implicit Rules

%.o: %.c
#  recipe to execute (from 'makefile', line 103):
	$(CC) -c $< -o $@ $(CFLAGS) $(INCLUDE_PATHS) -D$(PLATFORM)

# 1 implicit rules, 0 (0.0%) terminal.
# Files

dnd_character_creator: src/main.o src/test.o
#  Implicit rule search has not been done.
#  Modification time never checked.
#  File has not been updated.
#  recipe to execute (from 'makefile', line 98):
	$(CC) -o $(PROJECT_BUILD_PATH)/$(PROJECT_NAME)$(EXT) $(OBJS) $(CFLAGS) $(INCLUDE_PATHS) $(LDLFLAGS) $(LDLIBS) -D$(PLATFORM) 

# Not a target:
src/test.o:
#  Implicit rule search has not been done.
#  Modification time never checked.
#  File has not been updated.

debug:
#  Phony target (prerequisite of .PHONY).
#  Implicit rule search has not been done.
#  File does not exist.
#  File has not been updated.

clean:
#  Phony target (prerequisite of .PHONY).
#  Implicit rule search has not been done.
#  File does not exist.
#  File has not been updated.

# Not a target:
src/main.o:
#  Implicit rule search has not been done.
#  Modification time never checked.
#  File has not been updated.

# Not a target:
.DEFAULT:
#  Implicit rule search has not been done.
#  Modification time never checked.
#  File has not been updated.

all:
#  Phony target (prerequisite of .PHONY).
#  Command line target.
#  Implicit rule search has not been done.
#  Implicit/static pattern stem: ''
#  File does not exist.
#  File has been updated.
#  Needs to be updated (-q is set).
# automatic
# @ := all
# automatic
# * := 
# automatic
# < := 
# automatic
# + := 
# automatic
# % := 
# automatic
# ^ := 
# automatic
# ? := 
# automatic
# | := 
# variable set hash-table stats:
# Load=8/32=25%, Rehash=0, Collisions=2/14=14%
#  recipe to execute (from 'makefile', line 94):
	$(MAKE) $(PROJECT_NAME)

help:
#  Implicit rule search has not been done.
#  Modification time never checked.
#  File has not been updated.
#  recipe to execute (from 'makefile', line 106):
	@echo Default platform is DESKTOP to compile normally type
	@echo make PLATFORM=DESKTOP
	@echo Rules are the following
	@echo all
	@echo clean not implemented yet due to technical difficulties
	@echo re same as above

# Not a target:
makefile:
#  Implicit rule search has been done.
#  Last modified 2022-12-14 16:28:24
#  File has been updated.
#  Successfully updated.

# Not a target:
.SUFFIXES:
#  Implicit rule search has not been done.
#  Modification time never checked.
#  File has not been updated.

.PHONY: all clean debug
#  Implicit rule search has not been done.
#  Modification time never checked.
#  File has not been updated.

# files hash-table stats:
# Load=11/1024=1%, Rehash=0, Collisions=0/29=0%
# VPATH Search Paths

# No 'vpath' search paths.

# No general ('VPATH' variable) search path.

# strcache buffers: 1 (0) / strings = 21 / storage = 164 B / avg = 7 B
# current buf: size = 8174 B / used = 164 B / count = 21 / avg = 7 B

# strcache performance: lookups = 32 / hit rate = 34%
# hash-table stats:
# Load=21/8192=0%, Rehash=0, Collisions=0/32=0%
# Finished Make data base on Wed Dec 14 16:29:17 2022

 
